stdio    D         file_stdio.c:110  file_stdio_fopen                 [   0.00000] opening D:\Hebert\Area de trabalho\Programacao\UFV\SISTEMAS DE INFORMAÇÃO - UFV\5° Semestre\Computação Orientada a objetos\Projeto\PROJETOFINAL\Pacman\bin\Debug\allegro5.cfg r
system   D            wsystem.c:874  _al_win_safe_load_library        [   0.00000] PathFindOnPath found: C:\WINDOWS\system32\shcore.dll
system   D            wsystem.c:780  load_library_at_path             [   0.00000] Calling LoadLibrary C:\WINDOWS\system32\shcore.dll
system   I            wsystem.c:783  load_library_at_path             [   0.00000] Loaded C:\WINDOWS\system32\shcore.dll
system   I             system.c:271  al_install_system                [   0.00000] Allegro version: 5.2.7
audio-dsound I           dsound.cpp:271  _dsound_open                     [   0.00109] Starting DirectSound...
audio-dsound D           dsound.cpp:280  _dsound_open                     [   0.06766] DirectSoundCreate8 succeeded
audio-dsound I           dsound.cpp:73   get_window                       [   0.06778] Using desktop window: 0000000000010010
audio    I              audio.c:347  do_install_audio                 [   0.06824] Using DirectSound driver
audio-dsound D           dsound.cpp:311  _dsound_allocate_voice           [   0.06836] Allocating voice
audio-dsound D           dsound.cpp:370  _dsound_allocate_voice           [   0.06843] Allocated voice
dtor     D               dtor.c:196  _al_register_destructor          [   0.06850] added dtor for voice 0000000000e48e20, func 00007ffc96755024
dtor     D               dtor.c:196  _al_register_destructor          [   0.06859] added dtor for mixer 0000000000e48fc0, func 00007ffc967504dc
audio-dsound D           dsound.cpp:466  _dsound_start_voice              [   0.06866] Starting voice
audio-dsound D           dsound.cpp:494  _dsound_start_voice              [   0.06872] CreateSoundBuffer
audio-dsound D           dsound.cpp:502  _dsound_start_voice              [   0.08339] CreateSoundBuffer succeeded
audio-dsound D           dsound.cpp:508  _dsound_start_voice              [   0.08356] Starting _dsound_update thread
audio-dsound I           dsound.cpp:518  _dsound_start_voice              [   0.08373] Voice started
dtor     D               dtor.c:196  _al_register_destructor          [   0.08380] added dtor for sample_instance 0000000000e49550, func 00007ffc9674929b
audio    D          kcm_mixer.c:121  _al_rechannel_matrix             [   0.08388] sample matrix:
audio    D          kcm_mixer.c:127  _al_rechannel_matrix             [   0.08394] 
audio    D          kcm_mixer.c:127  _al_rechannel_matrix             [   0.08400] 
dtor     D               dtor.c:196  _al_register_destructor          [   0.08407] added dtor for sample_instance 0000000000e49260, func 00007ffc9674929b
audio    D          kcm_mixer.c:121  _al_rechannel_matrix             [   0.08426] sample matrix:
audio    D          kcm_mixer.c:127  _al_rechannel_matrix             [   0.08432] 
audio    D          kcm_mixer.c:127  _al_rechannel_matrix             [   0.08437] 
dtor     D               dtor.c:196  _al_register_destructor          [   0.08443] added dtor for sample_instance 0000000000e49380, func 00007ffc9674929b
audio    D          kcm_mixer.c:121  _al_rechannel_matrix             [   0.08450] sample matrix:
audio    D          kcm_mixer.c:127  _al_rechannel_matrix             [   0.08455] 
audio    D          kcm_mixer.c:127  _al_rechannel_matrix             [   0.08461] 
dtor     D               dtor.c:196  _al_register_destructor          [   0.08467] added dtor for sample_instance 000000000269efe0, func 00007ffc9674929b
audio    D          kcm_mixer.c:121  _al_rechannel_matrix             [   0.08473] sample matrix:
audio    D          kcm_mixer.c:127  _al_rechannel_matrix             [   0.08481] 
audio    D          kcm_mixer.c:127  _al_rechannel_matrix             [   0.08487] 
dtor     D               dtor.c:196  _al_register_destructor          [   0.08494] added dtor for sample_instance 00000000026a0110, func 00007ffc9674929b
audio    D          kcm_mixer.c:121  _al_rechannel_matrix             [   0.08509] sample matrix:
audio    D          kcm_mixer.c:127  _al_rechannel_matrix             [   0.08517] 
audio    D          kcm_mixer.c:127  _al_rechannel_matrix             [   0.08523] 
dtor     D               dtor.c:196  _al_register_destructor          [   0.08529] added dtor for sample_instance 00000000026a0230, func 00007ffc9674929b
audio    D          kcm_mixer.c:121  _al_rechannel_matrix             [   0.08535] sample matrix:
audio    D          kcm_mixer.c:127  _al_rechannel_matrix             [   0.08541] 
audio    D          kcm_mixer.c:127  _al_rechannel_matrix             [   0.08546] 
system   D            wsystem.c:874  _al_win_safe_load_library        [   0.08679] PathFindOnPath found: C:\WINDOWS\system32\d3d9.dll
system   D            wsystem.c:780  load_library_at_path             [   0.08690] Calling LoadLibrary C:\WINDOWS\system32\d3d9.dll
system   I            wsystem.c:783  load_library_at_path             [   0.08982] Loaded C:\WINDOWS\system32\d3d9.dll
d3d      I         d3d_disp.cpp:684  d3d_init_display                 [   0.14570] Render-to-texture: 1
d3d      I         d3d_disp.cpp:1782 d3d_create_display_locked        [   0.14806] faux_fullscreen=0
d3d      D         d3d_disp.cpp:1783 d3d_create_display_locked        [   0.14819] al_display=00000000026afa60
d3d      D         d3d_disp.cpp:1784 d3d_create_display_locked        [   0.14824] al_display->vt=00000000026af8f0
d3d      I d3d_display_formats.cpp:144  _al_d3d_generate_display_format_list [   0.16595] found 288 format combinations
display  D   display_settings.c:212  debug_display_settings           [   0.16605] color: 32 (rgba 8880), depth: 0, stencil: 0, acc: 0000, samples: 0/0
display  D   display_settings.c:527  _al_score_display_settings       [   0.16611] Score is : 897
display  D   display_settings.c:212  debug_display_settings           [   0.16616] color: 32 (rgba 8880), depth: 0, stencil: 0, acc: 0000, samples: 0/0
display  D   display_settings.c:527  _al_score_display_settings       [   0.16620] Score is : 897
display  D   display_settings.c:212  debug_display_settings           [   0.16625] color: 32 (rgba 8880), depth: 0, stencil: 0, acc: 0000, samples: 2/1
display  D   display_settings.c:527  _al_score_display_settings       [   0.16629] Score is : 726
display  D   display_settings.c:212  debug_display_settings           [   0.16634] color: 32 (rgba 8880), depth: 0, stencil: 0, acc: 0000, samples: 3/1
display  D   display_settings.c:527  _al_score_display_settings       [   0.16638] Score is : 721
display  D   display_settings.c:212  debug_display_settings           [   0.16642] color: 32 (rgba 8880), depth: 0, stencil: 0, acc: 0000, samples: 4/1
display  D   display_settings.c:527  _al_score_display_settings       [   0.16656] Score is : 717
display  D   display_settings.c:212  debug_display_settings           [   0.16679] color: 32 (rgba 8880), depth: 0, stencil: 0, acc: 0000, samples: 5/1
display  D   display_settings.c:527  _al_score_display_settings       [   0.16689] Score is : 715
display  D   display_settings.c:212  debug_display_settings           [   0.16694] color: 32 (rgba 8880), depth: 0, stencil: 0, acc: 0000, samples: 6/1
display  D   display_settings.c:527  _al_score_display_settings       [   0.16700] Score is : 714
display  D   display_settings.c:212  debug_display_settings           [   0.16705] color: 32 (rgba 8880), depth: 0, stencil: 0, acc: 0000, samples: 7/1
display  D   display_settings.c:527  _al_score_display_settings       [   0.16710] Score is : 713
display  D   display_settings.c:212  debug_display_settings           [   0.16715] color: 32 (rgba 8880), depth: 0, stencil: 0, acc: 0000, samples: 8/1
display  D   display_settings.c:527  _al_score_display_settings       [   0.16721] Score is : 712
display  D   display_settings.c:212  debug_display_settings           [   0.16726] color: 32 (rgba 8880), depth: 24, stencil: 8, acc: 0000, samples: 0/0
display  D   display_settings.c:527  _al_score_display_settings       [   0.16731] Score is : 897
display  D   display_settings.c:212  debug_display_settings           [   0.16737] color: 32 (rgba 8880), depth: 24, stencil: 8, acc: 0000, samples: 0/0
display  D   display_settings.c:527  _al_score_display_settings       [   0.16743] Score is : 897
display  D   display_settings.c:212  debug_display_settings           [   0.16748] color: 32 (rgba 8880), depth: 24, stencil: 8, acc: 0000, samples: 2/1
display  D   display_settings.c:527  _al_score_display_settings       [   0.16754] Score is : 726
display  D   display_settings.c:212  debug_display_settings           [   0.16758] color: 32 (rgba 8880), depth: 24, stencil: 8, acc: 0000, samples: 3/1
display  D   display_settings.c:527  _al_score_display_settings       [   0.16762] Score is : 721
display  D   display_settings.c:212  debug_display_settings           [   0.16766] color: 32 (rgba 8880), depth: 24, stencil: 8, acc: 0000, samples: 4/1
display  D   display_settings.c:527  _al_score_display_settings       [   0.16771] Score is : 717
display  D   display_settings.c:212  debug_display_settings           [   0.16775] color: 32 (rgba 8880), depth: 24, stencil: 8, acc: 0000, samples: 5/1
display  D   display_settings.c:527  _al_score_display_settings       [   0.16779] Score is : 715
display  D   display_settings.c:212  debug_display_settings           [   0.16783] color: 32 (rgba 8880), depth: 24, stencil: 8, acc: 0000, samples: 6/1
display  D   display_settings.c:527  _al_score_display_settings       [   0.16787] Score is : 714
display  D   display_settings.c:212  debug_display_settings           [   0.16791] color: 32 (rgba 8880), depth: 24, stencil: 8, acc: 0000, samples: 7/1
display  D   display_settings.c:527  _al_score_display_settings       [   0.16795] Score is : 713
display  D   display_settings.c:212  debug_display_settings           [   0.16799] color: 32 (rgba 8880), depth: 24, stencil: 8, acc: 0000, samples: 8/1
display  D   display_settings.c:527  _al_score_display_settings       [   0.16803] Score is : 712
display  D   display_settings.c:212  debug_display_settings           [   0.16807] color: 32 (rgba 8880), depth: 24, stencil: 0, acc: 0000, samples: 0/0
display  D   display_settings.c:527  _al_score_display_settings       [   0.16812] Score is : 897
display  D   display_settings.c:212  debug_display_settings           [   0.16816] color: 32 (rgba 8880), depth: 24, stencil: 0, acc: 0000, samples: 0/0
display  D   display_settings.c:527  _al_score_display_settings       [   0.16820] Score is : 897
display  D   display_settings.c:212  debug_display_settings           [   0.16824] color: 32 (rgba 8880), depth: 24, stencil: 0, acc: 0000, samples: 2/1
display  D   display_settings.c:527  _al_score_display_settings       [   0.16828] Score is : 726
display  D   display_settings.c:212  debug_display_settings           [   0.16832] color: 32 (rgba 8880), depth: 24, stencil: 0, acc: 0000, samples: 3/1
display  D   display_settings.c:527  _al_score_display_settings       [   0.16836] Score is : 721
display  D   display_settings.c:212  debug_display_settings           [   0.16840] color: 32 (rgba 8880), depth: 24, stencil: 0, acc: 0000, samples: 4/1
display  D   display_settings.c:527  _al_score_display_settings       [   0.16844] Score is : 717
display  D   display_settings.c:212  debug_display_settings           [   0.16848] color: 32 (rgba 8880), depth: 24, stencil: 0, acc: 0000, samples: 5/1
display  D   display_settings.c:527  _al_score_display_settings       [   0.16852] Score is : 715
display  D   display_settings.c:212  debug_display_settings           [   0.16856] color: 32 (rgba 8880), depth: 24, stencil: 0, acc: 0000, samples: 6/1
display  D   display_settings.c:527  _al_score_display_settings       [   0.16860] Score is : 714
display  D   display_settings.c:212  debug_display_settings           [   0.16864] color: 32 (rgba 8880), depth: 24, stencil: 0, acc: 0000, samples: 7/1
display  D   display_settings.c:527  _al_score_display_settings       [   0.16869] Score is : 713
display  D   display_settings.c:212  debug_display_settings           [   0.16873] color: 32 (rgba 8880), depth: 24, stencil: 0, acc: 0000, samples: 8/1
display  D   display_settings.c:527  _al_score_display_settings       [   0.16878] Score is : 712
display  D   display_settings.c:212  debug_display_settings           [   0.16882] color: 32 (rgba 8880), depth: 16, stencil: 0, acc: 0000, samples: 0/0
display  D   display_settings.c:527  _al_score_display_settings       [   0.16886] Score is : 897
display  D   display_settings.c:212  debug_display_settings           [   0.16890] color: 32 (rgba 8880), depth: 16, stencil: 0, acc: 0000, samples: 0/0
display  D   display_settings.c:527  _al_score_display_settings       [   0.16894] Score is : 897
display  D   display_settings.c:212  debug_display_settings           [   0.16898] color: 32 (rgba 8880), depth: 16, stencil: 0, acc: 0000, samples: 2/1
display  D   display_settings.c:527  _al_score_display_settings       [   0.16902] Score is : 726
display  D   display_settings.c:212  debug_display_settings           [   0.16906] color: 32 (rgba 8880), depth: 16, stencil: 0, acc: 0000, samples: 3/1
display  D   display_settings.c:527  _al_score_display_settings       [   0.16911] Score is : 721
display  D   display_settings.c:212  debug_display_settings           [   0.16914] color: 32 (rgba 8880), depth: 16, stencil: 0, acc: 0000, samples: 4/1
display  D   display_settings.c:527  _al_score_display_settings       [   0.16919] Score is : 717
display  D   display_settings.c:212  debug_display_settings           [   0.16923] color: 32 (rgba 8880), depth: 16, stencil: 0, acc: 0000, samples: 5/1
display  D   display_settings.c:527  _al_score_display_settings       [   0.16928] Score is : 715
display  D   display_settings.c:212  debug_display_settings           [   0.16932] color: 32 (rgba 8880), depth: 16, stencil: 0, acc: 0000, samples: 6/1
display  D   display_settings.c:527  _al_score_display_settings       [   0.16937] Score is : 714
display  D   display_settings.c:212  debug_display_settings           [   0.16941] color: 32 (rgba 8880), depth: 16, stencil: 0, acc: 0000, samples: 7/1
display  D   display_settings.c:527  _al_score_display_settings       [   0.16945] Score is : 713
display  D   display_settings.c:212  debug_display_settings           [   0.16949] color: 32 (rgba 8880), depth: 16, stencil: 0, acc: 0000, samples: 8/1
display  D   display_settings.c:527  _al_score_display_settings       [   0.16953] Score is : 712
display  D   display_settings.c:212  debug_display_settings           [   0.16957] color: 16 (rgba 5650), depth: 0, stencil: 0, acc: 0000, samples: 0/0
display  D   display_settings.c:527  _al_score_display_settings       [   0.16961] Score is : 897
display  D   display_settings.c:212  debug_display_settings           [   0.16965] color: 16 (rgba 5650), depth: 0, stencil: 0, acc: 0000, samples: 0/0
display  D   display_settings.c:527  _al_score_display_settings       [   0.16969] Score is : 897
display  D   display_settings.c:212  debug_display_settings           [   0.16973] color: 16 (rgba 5650), depth: 0, stencil: 0, acc: 0000, samples: 2/1
display  D   display_settings.c:527  _al_score_display_settings       [   0.16977] Score is : 726
display  D   display_settings.c:212  debug_display_settings           [   0.16981] color: 16 (rgba 5650), depth: 0, stencil: 0, acc: 0000, samples: 3/1
display  D   display_settings.c:527  _al_score_display_settings       [   0.16985] Score is : 721
display  D   display_settings.c:212  debug_display_settings           [   0.16989] color: 16 (rgba 5650), depth: 0, stencil: 0, acc: 0000, samples: 4/1
display  D   display_settings.c:527  _al_score_display_settings       [   0.16994] Score is : 717
display  D   display_settings.c:212  debug_display_settings           [   0.16998] color: 16 (rgba 5650), depth: 0, stencil: 0, acc: 0000, samples: 5/1
display  D   display_settings.c:527  _al_score_display_settings       [   0.17002] Score is : 715
display  D   display_settings.c:212  debug_display_settings           [   0.17006] color: 16 (rgba 5650), depth: 0, stencil: 0, acc: 0000, samples: 6/1
display  D   display_settings.c:527  _al_score_display_settings       [   0.17017] Score is : 714
display  D   display_settings.c:212  debug_display_settings           [   0.17023] color: 16 (rgba 5650), depth: 0, stencil: 0, acc: 0000, samples: 7/1
display  D   display_settings.c:527  _al_score_display_settings       [   0.17027] Score is : 713
display  D   display_settings.c:212  debug_display_settings           [   0.17032] color: 16 (rgba 5650), depth: 0, stencil: 0, acc: 0000, samples: 8/1
display  D   display_settings.c:527  _al_score_display_settings       [   0.17036] Score is : 712
display  D   display_settings.c:212  debug_display_settings           [   0.17040] color: 16 (rgba 5650), depth: 24, stencil: 8, acc: 0000, samples: 0/0
display  D   display_settings.c:527  _al_score_display_settings       [   0.17044] Score is : 897
display  D   display_settings.c:212  debug_display_settings           [   0.17049] color: 16 (rgba 5650), depth: 24, stencil: 8, acc: 0000, samples: 0/0
display  D   display_settings.c:527  _al_score_display_settings       [   0.17055] Score is : 897
display  D   display_settings.c:212  debug_display_settings           [   0.17062] color: 16 (rgba 5650), depth: 24, stencil: 8, acc: 0000, samples: 2/1
display  D   display_settings.c:527  _al_score_display_settings       [   0.17073] Score is : 726
display  D   display_settings.c:212  debug_display_settings           [   0.17079] color: 16 (rgba 5650), depth: 24, stencil: 8, acc: 0000, samples: 3/1
display  D   display_settings.c:527  _al_score_display_settings       [   0.17084] Score is : 721
display  D   display_settings.c:212  debug_display_settings           [   0.17090] color: 16 (rgba 5650), depth: 24, stencil: 8, acc: 0000, samples: 4/1
display  D   display_settings.c:527  _al_score_display_settings       [   0.17095] Score is : 717
display  D   display_settings.c:212  debug_display_settings           [   0.17099] color: 16 (rgba 5650), depth: 24, stencil: 8, acc: 0000, samples: 5/1
display  D   display_settings.c:527  _al_score_display_settings       [   0.17103] Score is : 715
display  D   display_settings.c:212  debug_display_settings           [   0.17107] color: 16 (rgba 5650), depth: 24, stencil: 8, acc: 0000, samples: 6/1
display  D   display_settings.c:527  _al_score_display_settings       [   0.17111] Score is : 714
display  D   display_settings.c:212  debug_display_settings           [   0.17115] color: 16 (rgba 5650), depth: 24, stencil: 8, acc: 0000, samples: 7/1
display  D   display_settings.c:527  _al_score_display_settings       [   0.17119] Score is : 713
display  D   display_settings.c:212  debug_display_settings           [   0.17123] color: 16 (rgba 5650), depth: 24, stencil: 8, acc: 0000, samples: 8/1
display  D   display_settings.c:527  _al_score_display_settings       [   0.17128] Score is : 712
display  D   display_settings.c:212  debug_display_settings           [   0.17132] color: 16 (rgba 5650), depth: 24, stencil: 0, acc: 0000, samples: 0/0
display  D   display_settings.c:527  _al_score_display_settings       [   0.17136] Score is : 897
display  D   display_settings.c:212  debug_display_settings           [   0.17140] color: 16 (rgba 5650), depth: 24, stencil: 0, acc: 0000, samples: 0/0
display  D   display_settings.c:527  _al_score_display_settings       [   0.17144] Score is : 897
display  D   display_settings.c:212  debug_display_settings           [   0.17148] color: 16 (rgba 5650), depth: 24, stencil: 0, acc: 0000, samples: 2/1
display  D   display_settings.c:527  _al_score_display_settings       [   0.17152] Score is : 726
display  D   display_settings.c:212  debug_display_settings           [   0.17156] color: 16 (rgba 5650), depth: 24, stencil: 0, acc: 0000, samples: 3/1
display  D   display_settings.c:527  _al_score_display_settings       [   0.17160] Score is : 721
display  D   display_settings.c:212  debug_display_settings           [   0.17164] color: 16 (rgba 5650), depth: 24, stencil: 0, acc: 0000, samples: 4/1
display  D   display_settings.c:527  _al_score_display_settings       [   0.17177] Score is : 717
display  D   display_settings.c:212  debug_display_settings           [   0.17182] color: 16 (rgba 5650), depth: 24, stencil: 0, acc: 0000, samples: 5/1
display  D   display_settings.c:527  _al_score_display_settings       [   0.17186] Score is : 715
display  D   display_settings.c:212  debug_display_settings           [   0.17191] color: 16 (rgba 5650), depth: 24, stencil: 0, acc: 0000, samples: 6/1
display  D   display_settings.c:527  _al_score_display_settings       [   0.17195] Score is : 714
display  D   display_settings.c:212  debug_display_settings           [   0.17199] color: 16 (rgba 5650), depth: 24, stencil: 0, acc: 0000, samples: 7/1
display  D   display_settings.c:527  _al_score_display_settings       [   0.17203] Score is : 713
display  D   display_settings.c:212  debug_display_settings           [   0.17207] color: 16 (rgba 5650), depth: 24, stencil: 0, acc: 0000, samples: 8/1
display  D   display_settings.c:527  _al_score_display_settings       [   0.17211] Score is : 712
display  D   display_settings.c:212  debug_display_settings           [   0.17215] color: 16 (rgba 5650), depth: 16, stencil: 0, acc: 0000, samples: 0/0
display  D   display_settings.c:527  _al_score_display_settings       [   0.17219] Score is : 897
display  D   display_settings.c:212  debug_display_settings           [   0.17223] color: 16 (rgba 5650), depth: 16, stencil: 0, acc: 0000, samples: 0/0
display  D   display_settings.c:527  _al_score_display_settings       [   0.17227] Score is : 897
display  D   display_settings.c:212  debug_display_settings           [   0.17231] color: 16 (rgba 5650), depth: 16, stencil: 0, acc: 0000, samples: 2/1
display  D   display_settings.c:527  _al_score_display_settings       [   0.17235] Score is : 726
display  D   display_settings.c:212  debug_display_settings           [   0.17239] color: 16 (rgba 5650), depth: 16, stencil: 0, acc: 0000, samples: 3/1
display  D   display_settings.c:527  _al_score_display_settings       [   0.17243] Score is : 721
display  D   display_settings.c:212  debug_display_settings           [   0.17247] color: 16 (rgba 5650), depth: 16, stencil: 0, acc: 0000, samples: 4/1
display  D   display_settings.c:527  _al_score_display_settings       [   0.17252] Score is : 717
display  D   display_settings.c:212  debug_display_settings           [   0.17256] color: 16 (rgba 5650), depth: 16, stencil: 0, acc: 0000, samples: 5/1
display  D   display_settings.c:527  _al_score_display_settings       [   0.17260] Score is : 715
display  D   display_settings.c:212  debug_display_settings           [   0.17264] color: 16 (rgba 5650), depth: 16, stencil: 0, acc: 0000, samples: 6/1
display  D   display_settings.c:527  _al_score_display_settings       [   0.17268] Score is : 714
display  D   display_settings.c:212  debug_display_settings           [   0.17272] color: 16 (rgba 5650), depth: 16, stencil: 0, acc: 0000, samples: 7/1
display  D   display_settings.c:527  _al_score_display_settings       [   0.17276] Score is : 713
display  D   display_settings.c:212  debug_display_settings           [   0.17280] color: 16 (rgba 5650), depth: 16, stencil: 0, acc: 0000, samples: 8/1
display  D   display_settings.c:527  _al_score_display_settings       [   0.17284] Score is : 712
display  D   display_settings.c:212  debug_display_settings           [   0.17288] color: 32 (rgba 8880), depth: 0, stencil: 0, acc: 0000, samples: 0/0
display  D   display_settings.c:398  _al_score_display_settings       [   0.17292] Single Buffer requirement not met.
display  D   display_settings.c:212  debug_display_settings           [   0.17297] color: 32 (rgba 8880), depth: 0, stencil: 0, acc: 0000, samples: 0/0
display  D   display_settings.c:398  _al_score_display_settings       [   0.17301] Single Buffer requirement not met.
display  D   display_settings.c:212  debug_display_settings           [   0.17305] color: 32 (rgba 8880), depth: 0, stencil: 0, acc: 0000, samples: 2/1
display  D   display_settings.c:398  _al_score_display_settings       [   0.17315] Single Buffer requirement not met.
display  D   display_settings.c:212  debug_display_settings           [   0.17320] color: 32 (rgba 8880), depth: 0, stencil: 0, acc: 0000, samples: 3/1
display  D   display_settings.c:398  _al_score_display_settings       [   0.17324] Single Buffer requirement not met.
display  D   display_settings.c:212  debug_display_settings           [   0.17328] color: 32 (rgba 8880), depth: 0, stencil: 0, acc: 0000, samples: 4/1
display  D   display_settings.c:398  _al_score_display_settings       [   0.17332] Single Buffer requirement not met.
display  D   display_settings.c:212  debug_display_settings           [   0.17336] color: 32 (rgba 8880), depth: 0, stencil: 0, acc: 0000, samples: 5/1
display  D   display_settings.c:398  _al_score_display_settings       [   0.17340] Single Buffer requirement not met.
display  D   display_settings.c:212  debug_display_settings           [   0.17344] color: 32 (rgba 8880), depth: 0, stencil: 0, acc: 0000, samples: 6/1
display  D   display_settings.c:398  _al_score_display_settings       [   0.17349] Single Buffer requirement not met.
display  D   display_settings.c:212  debug_display_settings           [   0.17353] color: 32 (rgba 8880), depth: 0, stencil: 0, acc: 0000, samples: 7/1
display  D   display_settings.c:398  _al_score_display_settings       [   0.17357] Single Buffer requirement not met.
display  D   display_settings.c:212  debug_display_settings           [   0.17361] color: 32 (rgba 8880), depth: 0, stencil: 0, acc: 0000, samples: 8/1
display  D   display_settings.c:398  _al_score_display_settings       [   0.17365] Single Buffer requirement not met.
display  D   display_settings.c:212  debug_display_settings           [   0.17369] color: 32 (rgba 8880), depth: 24, stencil: 8, acc: 0000, samples: 0/0
display  D   display_settings.c:398  _al_score_display_settings       [   0.17373] Single Buffer requirement not met.
display  D   display_settings.c:212  debug_display_settings           [   0.17377] color: 32 (rgba 8880), depth: 24, stencil: 8, acc: 0000, samples: 0/0
display  D   display_settings.c:398  _al_score_display_settings       [   0.17381] Single Buffer requirement not met.
display  D   display_settings.c:212  debug_display_settings           [   0.17386] color: 32 (rgba 8880), depth: 24, stencil: 8, acc: 0000, samples: 2/1
display  D   display_settings.c:398  _al_score_display_settings       [   0.17390] Single Buffer requirement not met.
display  D   display_settings.c:212  debug_display_settings           [   0.17394] color: 32 (rgba 8880), depth: 24, stencil: 8, acc: 0000, samples: 3/1
display  D   display_settings.c:398  _al_score_display_settings       [   0.17398] Single Buffer requirement not met.
display  D   display_settings.c:212  debug_display_settings           [   0.17402] color: 32 (rgba 8880), depth: 24, stencil: 8, acc: 0000, samples: 4/1
display  D   display_settings.c:398  _al_score_display_settings       [   0.17406] Single Buffer requirement not met.
display  D   display_settings.c:212  debug_display_settings           [   0.17410] color: 32 (rgba 8880), depth: 24, stencil: 8, acc: 0000, samples: 5/1
display  D   display_settings.c:398  _al_score_display_settings       [   0.17414] Single Buffer requirement not met.
display  D   display_settings.c:212  debug_display_settings           [   0.17418] color: 32 (rgba 8880), depth: 24, stencil: 8, acc: 0000, samples: 6/1
display  D   display_settings.c:398  _al_score_display_settings       [   0.17423] Single Buffer requirement not met.
display  D   display_settings.c:212  debug_display_settings           [   0.17427] color: 32 (rgba 8880), depth: 24, stencil: 8, acc: 0000, samples: 7/1
display  D   display_settings.c:398  _al_score_display_settings       [   0.17431] Single Buffer requirement not met.
display  D   display_settings.c:212  debug_display_settings           [   0.17435] color: 32 (rgba 8880), depth: 24, stencil: 8, acc: 0000, samples: 8/1
display  D   display_settings.c:398  _al_score_display_settings       [   0.17445] Single Buffer requirement not met.
display  D   display_settings.c:212  debug_display_settings           [   0.17450] color: 32 (rgba 8880), depth: 24, stencil: 0, acc: 0000, samples: 0/0
display  D   display_settings.c:398  _al_score_display_settings       [   0.17454] Single Buffer requirement not met.
display  D   display_settings.c:212  debug_display_settings           [   0.17459] color: 32 (rgba 8880), depth: 24, stencil: 0, acc: 0000, samples: 0/0
display  D   display_settings.c:398  _al_score_display_settings       [   0.17463] Single Buffer requirement not met.
display  D   display_settings.c:212  debug_display_settings           [   0.17467] color: 32 (rgba 8880), depth: 24, stencil: 0, acc: 0000, samples: 2/1
display  D   display_settings.c:398  _al_score_display_settings       [   0.17471] Single Buffer requirement not met.
display  D   display_settings.c:212  debug_display_settings           [   0.17476] color: 32 (rgba 8880), depth: 24, stencil: 0, acc: 0000, samples: 3/1
display  D   display_settings.c:398  _al_score_display_settings       [   0.17483] Single Buffer requirement not met.
display  D   display_settings.c:212  debug_display_settings           [   0.17489] color: 32 (rgba 8880), depth: 24, stencil: 0, acc: 0000, samples: 4/1
display  D   display_settings.c:398  _al_score_display_settings       [   0.17494] Single Buffer requirement not met.
display  D   display_settings.c:212  debug_display_settings           [   0.17499] color: 32 (rgba 8880), depth: 24, stencil: 0, acc: 0000, samples: 5/1
display  D   display_settings.c:398  _al_score_display_settings       [   0.17503] Single Buffer requirement not met.
display  D   display_settings.c:212  debug_display_settings           [   0.17507] color: 32 (rgba 8880), depth: 24, stencil: 0, acc: 0000, samples: 6/1
display  D   display_settings.c:398  _al_score_display_settings       [   0.17512] Single Buffer requirement not met.
display  D   display_settings.c:212  debug_display_settings           [   0.17516] color: 32 (rgba 8880), depth: 24, stencil: 0, acc: 0000, samples: 7/1
display  D   display_settings.c:398  _al_score_display_settings       [   0.17520] Single Buffer requirement not met.
display  D   display_settings.c:212  debug_display_settings           [   0.17524] color: 32 (rgba 8880), depth: 24, stencil: 0, acc: 0000, samples: 8/1
display  D   display_settings.c:398  _al_score_display_settings       [   0.17528] Single Buffer requirement not met.
display  D   display_settings.c:212  debug_display_settings           [   0.17532] color: 32 (rgba 8880), depth: 16, stencil: 0, acc: 0000, samples: 0/0
display  D   display_settings.c:398  _al_score_display_settings       [   0.17536] Single Buffer requirement not met.
display  D   display_settings.c:212  debug_display_settings           [   0.17541] color: 32 (rgba 8880), depth: 16, stencil: 0, acc: 0000, samples: 0/0
display  D   display_settings.c:398  _al_score_display_settings       [   0.17545] Single Buffer requirement not met.
display  D   display_settings.c:212  debug_display_settings           [   0.17549] color: 32 (rgba 8880), depth: 16, stencil: 0, acc: 0000, samples: 2/1
display  D   display_settings.c:398  _al_score_display_settings       [   0.17553] Single Buffer requirement not met.
display  D   display_settings.c:212  debug_display_settings           [   0.17557] color: 32 (rgba 8880), depth: 16, stencil: 0, acc: 0000, samples: 3/1
display  D   display_settings.c:398  _al_score_display_settings       [   0.17561] Single Buffer requirement not met.
display  D   display_settings.c:212  debug_display_settings           [   0.17565] color: 32 (rgba 8880), depth: 16, stencil: 0, acc: 0000, samples: 4/1
display  D   display_settings.c:398  _al_score_display_settings       [   0.17570] Single Buffer requirement not met.
display  D   display_settings.c:212  debug_display_settings           [   0.17574] color: 32 (rgba 8880), depth: 16, stencil: 0, acc: 0000, samples: 5/1
display  D   display_settings.c:398  _al_score_display_settings       [   0.17578] Single Buffer requirement not met.
display  D   display_settings.c:212  debug_display_settings           [   0.17583] color: 32 (rgba 8880), depth: 16, stencil: 0, acc: 0000, samples: 6/1
display  D   display_settings.c:398  _al_score_display_settings       [   0.17587] Single Buffer requirement not met.
display  D   display_settings.c:212  debug_display_settings           [   0.17591] color: 32 (rgba 8880), depth: 16, stencil: 0, acc: 0000, samples: 7/1
display  D   display_settings.c:398  _al_score_display_settings       [   0.17595] Single Buffer requirement not met.
display  D   display_settings.c:212  debug_display_settings           [   0.17599] color: 32 (rgba 8880), depth: 16, stencil: 0, acc: 0000, samples: 8/1
display  D   display_settings.c:398  _al_score_display_settings       [   0.17604] Single Buffer requirement not met.
display  D   display_settings.c:212  debug_display_settings           [   0.17608] color: 16 (rgba 5650), depth: 0, stencil: 0, acc: 0000, samples: 0/0
display  D   display_settings.c:398  _al_score_display_settings       [   0.17612] Single Buffer requirement not met.
display  D   display_settings.c:212  debug_display_settings           [   0.17616] color: 16 (rgba 5650), depth: 0, stencil: 0, acc: 0000, samples: 0/0
display  D   display_settings.c:398  _al_score_display_settings       [   0.17620] Single Buffer requirement not met.
display  D   display_settings.c:212  debug_display_settings           [   0.17624] color: 16 (rgba 5650), depth: 0, stencil: 0, acc: 0000, samples: 2/1
display  D   display_settings.c:398  _al_score_display_settings       [   0.17628] Single Buffer requirement not met.
display  D   display_settings.c:212  debug_display_settings           [   0.17632] color: 16 (rgba 5650), depth: 0, stencil: 0, acc: 0000, samples: 3/1
display  D   display_settings.c:398  _al_score_display_settings       [   0.17636] Single Buffer requirement not met.
display  D   display_settings.c:212  debug_display_settings           [   0.17640] color: 16 (rgba 5650), depth: 0, stencil: 0, acc: 0000, samples: 4/1
display  D   display_settings.c:398  _al_score_display_settings       [   0.17644] Single Buffer requirement not met.
display  D   display_settings.c:212  debug_display_settings           [   0.17649] color: 16 (rgba 5650), depth: 0, stencil: 0, acc: 0000, samples: 5/1
display  D   display_settings.c:398  _al_score_display_settings       [   0.17653] Single Buffer requirement not met.
display  D   display_settings.c:212  debug_display_settings           [   0.17657] color: 16 (rgba 5650), depth: 0, stencil: 0, acc: 0000, samples: 6/1
display  D   display_settings.c:398  _al_score_display_settings       [   0.17661] Single Buffer requirement not met.
display  D   display_settings.c:212  debug_display_settings           [   0.17665] color: 16 (rgba 5650), depth: 0, stencil: 0, acc: 0000, samples: 7/1
display  D   display_settings.c:398  _al_score_display_settings       [   0.17669] Single Buffer requirement not met.
display  D   display_settings.c:212  debug_display_settings           [   0.17673] color: 16 (rgba 5650), depth: 0, stencil: 0, acc: 0000, samples: 8/1
display  D   display_settings.c:398  _al_score_display_settings       [   0.17677] Single Buffer requirement not met.
display  D   display_settings.c:212  debug_display_settings           [   0.17681] color: 16 (rgba 5650), depth: 24, stencil: 8, acc: 0000, samples: 0/0
display  D   display_settings.c:398  _al_score_display_settings       [   0.17685] Single Buffer requirement not met.
display  D   display_settings.c:212  debug_display_settings           [   0.17689] color: 16 (rgba 5650), depth: 24, stencil: 8, acc: 0000, samples: 0/0
display  D   display_settings.c:398  _al_score_display_settings       [   0.17693] Single Buffer requirement not met.
display  D   display_settings.c:212  debug_display_settings           [   0.17698] color: 16 (rgba 5650), depth: 24, stencil: 8, acc: 0000, samples: 2/1
display  D   display_settings.c:398  _al_score_display_settings       [   0.17702] Single Buffer requirement not met.
display  D   display_settings.c:212  debug_display_settings           [   0.17706] color: 16 (rgba 5650), depth: 24, stencil: 8, acc: 0000, samples: 3/1
display  D   display_settings.c:398  _al_score_display_settings       [   0.17711] Single Buffer requirement not met.
display  D   display_settings.c:212  debug_display_settings           [   0.17715] color: 16 (rgba 5650), depth: 24, stencil: 8, acc: 0000, samples: 4/1
display  D   display_settings.c:398  _al_score_display_settings       [   0.17719] Single Buffer requirement not met.
display  D   display_settings.c:212  debug_display_settings           [   0.17723] color: 16 (rgba 5650), depth: 24, stencil: 8, acc: 0000, samples: 5/1
display  D   display_settings.c:398  _al_score_display_settings       [   0.17727] Single Buffer requirement not met.
display  D   display_settings.c:212  debug_display_settings           [   0.17731] color: 16 (rgba 5650), depth: 24, stencil: 8, acc: 0000, samples: 6/1
display  D   display_settings.c:398  _al_score_display_settings       [   0.17735] Single Buffer requirement not met.
display  D   display_settings.c:212  debug_display_settings           [   0.17739] color: 16 (rgba 5650), depth: 24, stencil: 8, acc: 0000, samples: 7/1
display  D   display_settings.c:398  _al_score_display_settings       [   0.17744] Single Buffer requirement not met.
display  D   display_settings.c:212  debug_display_settings           [   0.17751] color: 16 (rgba 5650), depth: 24, stencil: 8, acc: 0000, samples: 8/1
display  D   display_settings.c:398  _al_score_display_settings       [   0.17758] Single Buffer requirement not met.
display  D   display_settings.c:212  debug_display_settings           [   0.17764] color: 16 (rgba 5650), depth: 24, stencil: 0, acc: 0000, samples: 0/0
display  D   display_settings.c:398  _al_score_display_settings       [   0.17771] Single Buffer requirement not met.
display  D   display_settings.c:212  debug_display_settings           [   0.17777] color: 16 (rgba 5650), depth: 24, stencil: 0, acc: 0000, samples: 0/0
display  D   display_settings.c:398  _al_score_display_settings       [   0.17784] Single Buffer requirement not met.
display  D   display_settings.c:212  debug_display_settings           [   0.17790] color: 16 (rgba 5650), depth: 24, stencil: 0, acc: 0000, samples: 2/1
display  D   display_settings.c:398  _al_score_display_settings       [   0.17796] Single Buffer requirement not met.
display  D   display_settings.c:212  debug_display_settings           [   0.17802] color: 16 (rgba 5650), depth: 24, stencil: 0, acc: 0000, samples: 3/1
display  D   display_settings.c:398  _al_score_display_settings       [   0.17809] Single Buffer requirement not met.
display  D   display_settings.c:212  debug_display_settings           [   0.17814] color: 16 (rgba 5650), depth: 24, stencil: 0, acc: 0000, samples: 4/1
display  D   display_settings.c:398  _al_score_display_settings       [   0.17819] Single Buffer requirement not met.
display  D   display_settings.c:212  debug_display_settings           [   0.17823] color: 16 (rgba 5650), depth: 24, stencil: 0, acc: 0000, samples: 5/1
display  D   display_settings.c:398  _al_score_display_settings       [   0.17827] Single Buffer requirement not met.
display  D   display_settings.c:212  debug_display_settings           [   0.17831] color: 16 (rgba 5650), depth: 24, stencil: 0, acc: 0000, samples: 6/1
display  D   display_settings.c:398  _al_score_display_settings       [   0.17835] Single Buffer requirement not met.
display  D   display_settings.c:212  debug_display_settings           [   0.17839] color: 16 (rgba 5650), depth: 24, stencil: 0, acc: 0000, samples: 7/1
display  D   display_settings.c:398  _al_score_display_settings       [   0.17843] Single Buffer requirement not met.
display  D   display_settings.c:212  debug_display_settings           [   0.17848] color: 16 (rgba 5650), depth: 24, stencil: 0, acc: 0000, samples: 8/1
display  D   display_settings.c:398  _al_score_display_settings       [   0.17852] Single Buffer requirement not met.
display  D   display_settings.c:212  debug_display_settings           [   0.17857] color: 16 (rgba 5650), depth: 16, stencil: 0, acc: 0000, samples: 0/0
display  D   display_settings.c:398  _al_score_display_settings       [   0.17861] Single Buffer requirement not met.
display  D   display_settings.c:212  debug_display_settings           [   0.17865] color: 16 (rgba 5650), depth: 16, stencil: 0, acc: 0000, samples: 0/0
display  D   display_settings.c:398  _al_score_display_settings       [   0.17869] Single Buffer requirement not met.
display  D   display_settings.c:212  debug_display_settings           [   0.17873] color: 16 (rgba 5650), depth: 16, stencil: 0, acc: 0000, samples: 2/1
display  D   display_settings.c:398  _al_score_display_settings       [   0.17878] Single Buffer requirement not met.
display  D   display_settings.c:212  debug_display_settings           [   0.17882] color: 16 (rgba 5650), depth: 16, stencil: 0, acc: 0000, samples: 3/1
display  D   display_settings.c:398  _al_score_display_settings       [   0.17886] Single Buffer requirement not met.
display  D   display_settings.c:212  debug_display_settings           [   0.17890] color: 16 (rgba 5650), depth: 16, stencil: 0, acc: 0000, samples: 4/1
display  D   display_settings.c:398  _al_score_display_settings       [   0.17894] Single Buffer requirement not met.
display  D   display_settings.c:212  debug_display_settings           [   0.17898] color: 16 (rgba 5650), depth: 16, stencil: 0, acc: 0000, samples: 5/1
display  D   display_settings.c:398  _al_score_display_settings       [   0.17902] Single Buffer requirement not met.
display  D   display_settings.c:212  debug_display_settings           [   0.17906] color: 16 (rgba 5650), depth: 16, stencil: 0, acc: 0000, samples: 6/1
display  D   display_settings.c:398  _al_score_display_settings       [   0.17910] Single Buffer requirement not met.
display  D   display_settings.c:212  debug_display_settings           [   0.17915] color: 16 (rgba 5650), depth: 16, stencil: 0, acc: 0000, samples: 7/1
display  D   display_settings.c:398  _al_score_display_settings       [   0.17919] Single Buffer requirement not met.
display  D   display_settings.c:212  debug_display_settings           [   0.17923] color: 16 (rgba 5650), depth: 16, stencil: 0, acc: 0000, samples: 8/1
display  D   display_settings.c:398  _al_score_display_settings       [   0.17927] Single Buffer requirement not met.
display  D   display_settings.c:212  debug_display_settings           [   0.17933] color: 32 (rgba 8880), depth: 0, stencil: 0, acc: 0000, samples: 0/0
display  D   display_settings.c:527  _al_score_display_settings       [   0.17937] Score is : 769
display  D   display_settings.c:212  debug_display_settings           [   0.17941] color: 32 (rgba 8880), depth: 0, stencil: 0, acc: 0000, samples: 0/0
display  D   display_settings.c:527  _al_score_display_settings       [   0.17946] Score is : 769
display  D   display_settings.c:212  debug_display_settings           [   0.17950] color: 32 (rgba 8880), depth: 0, stencil: 0, acc: 0000, samples: 2/1
display  D   display_settings.c:527  _al_score_display_settings       [   0.17954] Score is : 598
display  D   display_settings.c:212  debug_display_settings           [   0.17958] color: 32 (rgba 8880), depth: 0, stencil: 0, acc: 0000, samples: 3/1
display  D   display_settings.c:527  _al_score_display_settings       [   0.17962] Score is : 593
display  D   display_settings.c:212  debug_display_settings           [   0.17966] color: 32 (rgba 8880), depth: 0, stencil: 0, acc: 0000, samples: 4/1
display  D   display_settings.c:527  _al_score_display_settings       [   0.17970] Score is : 589
display  D   display_settings.c:212  debug_display_settings           [   0.17974] color: 32 (rgba 8880), depth: 0, stencil: 0, acc: 0000, samples: 5/1
display  D   display_settings.c:527  _al_score_display_settings       [   0.17978] Score is : 587
display  D   display_settings.c:212  debug_display_settings           [   0.17983] color: 32 (rgba 8880), depth: 0, stencil: 0, acc: 0000, samples: 6/1
display  D   display_settings.c:527  _al_score_display_settings       [   0.17987] Score is : 586
display  D   display_settings.c:212  debug_display_settings           [   0.17991] color: 32 (rgba 8880), depth: 0, stencil: 0, acc: 0000, samples: 7/1
display  D   display_settings.c:527  _al_score_display_settings       [   0.17995] Score is : 585
display  D   display_settings.c:212  debug_display_settings           [   0.17999] color: 32 (rgba 8880), depth: 0, stencil: 0, acc: 0000, samples: 8/1
display  D   display_settings.c:527  _al_score_display_settings       [   0.18003] Score is : 584
display  D   display_settings.c:212  debug_display_settings           [   0.18007] color: 32 (rgba 8880), depth: 24, stencil: 8, acc: 0000, samples: 0/0
display  D   display_settings.c:527  _al_score_display_settings       [   0.18012] Score is : 769
display  D   display_settings.c:212  debug_display_settings           [   0.18015] color: 32 (rgba 8880), depth: 24, stencil: 8, acc: 0000, samples: 0/0
display  D   display_settings.c:527  _al_score_display_settings       [   0.18020] Score is : 769
display  D   display_settings.c:212  debug_display_settings           [   0.18024] color: 32 (rgba 8880), depth: 24, stencil: 8, acc: 0000, samples: 2/1
display  D   display_settings.c:527  _al_score_display_settings       [   0.18029] Score is : 598
display  D   display_settings.c:212  debug_display_settings           [   0.18034] color: 32 (rgba 8880), depth: 24, stencil: 8, acc: 0000, samples: 3/1
display  D   display_settings.c:527  _al_score_display_settings       [   0.18039] Score is : 593
display  D   display_settings.c:212  debug_display_settings           [   0.18044] color: 32 (rgba 8880), depth: 24, stencil: 8, acc: 0000, samples: 4/1
display  D   display_settings.c:527  _al_score_display_settings       [   0.18050] Score is : 589
display  D   display_settings.c:212  debug_display_settings           [   0.18055] color: 32 (rgba 8880), depth: 24, stencil: 8, acc: 0000, samples: 5/1
display  D   display_settings.c:527  _al_score_display_settings       [   0.18060] Score is : 587
display  D   display_settings.c:212  debug_display_settings           [   0.18065] color: 32 (rgba 8880), depth: 24, stencil: 8, acc: 0000, samples: 6/1
display  D   display_settings.c:527  _al_score_display_settings       [   0.18070] Score is : 586
display  D   display_settings.c:212  debug_display_settings           [   0.18074] color: 32 (rgba 8880), depth: 24, stencil: 8, acc: 0000, samples: 7/1
display  D   display_settings.c:527  _al_score_display_settings       [   0.18078] Score is : 585
display  D   display_settings.c:212  debug_display_settings           [   0.18082] color: 32 (rgba 8880), depth: 24, stencil: 8, acc: 0000, samples: 8/1
display  D   display_settings.c:527  _al_score_display_settings       [   0.18086] Score is : 584
display  D   display_settings.c:212  debug_display_settings           [   0.18090] color: 32 (rgba 8880), depth: 24, stencil: 0, acc: 0000, samples: 0/0
display  D   display_settings.c:527  _al_score_display_settings       [   0.18094] Score is : 769
display  D   display_settings.c:212  debug_display_settings           [   0.18098] color: 32 (rgba 8880), depth: 24, stencil: 0, acc: 0000, samples: 0/0
display  D   display_settings.c:527  _al_score_display_settings       [   0.18103] Score is : 769
display  D   display_settings.c:212  debug_display_settings           [   0.18107] color: 32 (rgba 8880), depth: 24, stencil: 0, acc: 0000, samples: 2/1
display  D   display_settings.c:527  _al_score_display_settings       [   0.18111] Score is : 598
display  D   display_settings.c:212  debug_display_settings           [   0.18115] color: 32 (rgba 8880), depth: 24, stencil: 0, acc: 0000, samples: 3/1
display  D   display_settings.c:527  _al_score_display_settings       [   0.18120] Score is : 593
display  D   display_settings.c:212  debug_display_settings           [   0.18124] color: 32 (rgba 8880), depth: 24, stencil: 0, acc: 0000, samples: 4/1
display  D   display_settings.c:527  _al_score_display_settings       [   0.18131] Score is : 589
display  D   display_settings.c:212  debug_display_settings           [   0.18135] color: 32 (rgba 8880), depth: 24, stencil: 0, acc: 0000, samples: 5/1
display  D   display_settings.c:527  _al_score_display_settings       [   0.18139] Score is : 587
display  D   display_settings.c:212  debug_display_settings           [   0.18144] color: 32 (rgba 8880), depth: 24, stencil: 0, acc: 0000, samples: 6/1
display  D   display_settings.c:527  _al_score_display_settings       [   0.18148] Score is : 586
display  D   display_settings.c:212  debug_display_settings           [   0.18152] color: 32 (rgba 8880), depth: 24, stencil: 0, acc: 0000, samples: 7/1
display  D   display_settings.c:527  _al_score_display_settings       [   0.18156] Score is : 585
display  D   display_settings.c:212  debug_display_settings           [   0.18160] color: 32 (rgba 8880), depth: 24, stencil: 0, acc: 0000, samples: 8/1
display  D   display_settings.c:527  _al_score_display_settings       [   0.18166] Score is : 584
display  D   display_settings.c:212  debug_display_settings           [   0.18170] color: 32 (rgba 8880), depth: 16, stencil: 0, acc: 0000, samples: 0/0
display  D   display_settings.c:527  _al_score_display_settings       [   0.18174] Score is : 769
display  D   display_settings.c:212  debug_display_settings           [   0.18178] color: 32 (rgba 8880), depth: 16, stencil: 0, acc: 0000, samples: 0/0
display  D   display_settings.c:527  _al_score_display_settings       [   0.18182] Score is : 769
display  D   display_settings.c:212  debug_display_settings           [   0.18186] color: 32 (rgba 8880), depth: 16, stencil: 0, acc: 0000, samples: 2/1
display  D   display_settings.c:527  _al_score_display_settings       [   0.18191] Score is : 598
display  D   display_settings.c:212  debug_display_settings           [   0.18195] color: 32 (rgba 8880), depth: 16, stencil: 0, acc: 0000, samples: 3/1
display  D   display_settings.c:527  _al_score_display_settings       [   0.18199] Score is : 593
display  D   display_settings.c:212  debug_display_settings           [   0.18203] color: 32 (rgba 8880), depth: 16, stencil: 0, acc: 0000, samples: 4/1
display  D   display_settings.c:527  _al_score_display_settings       [   0.18207] Score is : 589
display  D   display_settings.c:212  debug_display_settings           [   0.18211] color: 32 (rgba 8880), depth: 16, stencil: 0, acc: 0000, samples: 5/1
display  D   display_settings.c:527  _al_score_display_settings       [   0.18215] Score is : 587
display  D   display_settings.c:212  debug_display_settings           [   0.18219] color: 32 (rgba 8880), depth: 16, stencil: 0, acc: 0000, samples: 6/1
display  D   display_settings.c:527  _al_score_display_settings       [   0.18223] Score is : 586
display  D   display_settings.c:212  debug_display_settings           [   0.18227] color: 32 (rgba 8880), depth: 16, stencil: 0, acc: 0000, samples: 7/1
display  D   display_settings.c:527  _al_score_display_settings       [   0.18231] Score is : 585
display  D   display_settings.c:212  debug_display_settings           [   0.18235] color: 32 (rgba 8880), depth: 16, stencil: 0, acc: 0000, samples: 8/1
display  D   display_settings.c:527  _al_score_display_settings       [   0.18239] Score is : 584
display  D   display_settings.c:212  debug_display_settings           [   0.18243] color: 16 (rgba 5650), depth: 0, stencil: 0, acc: 0000, samples: 0/0
display  D   display_settings.c:527  _al_score_display_settings       [   0.18247] Score is : 769
display  D   display_settings.c:212  debug_display_settings           [   0.18251] color: 16 (rgba 5650), depth: 0, stencil: 0, acc: 0000, samples: 0/0
display  D   display_settings.c:527  _al_score_display_settings       [   0.18256] Score is : 769
display  D   display_settings.c:212  debug_display_settings           [   0.18260] color: 16 (rgba 5650), depth: 0, stencil: 0, acc: 0000, samples: 2/1
display  D   display_settings.c:527  _al_score_display_settings       [   0.18264] Score is : 598
display  D   display_settings.c:212  debug_display_settings           [   0.18268] color: 16 (rgba 5650), depth: 0, stencil: 0, acc: 0000, samples: 3/1
display  D   display_settings.c:527  _al_score_display_settings       [   0.18272] Score is : 593
display  D   display_settings.c:212  debug_display_settings           [   0.18276] color: 16 (rgba 5650), depth: 0, stencil: 0, acc: 0000, samples: 4/1
display  D   display_settings.c:527  _al_score_display_settings       [   0.18281] Score is : 589
display  D   display_settings.c:212  debug_display_settings           [   0.18285] color: 16 (rgba 5650), depth: 0, stencil: 0, acc: 0000, samples: 5/1
display  D   display_settings.c:527  _al_score_display_settings       [   0.18289] Score is : 587
display  D   display_settings.c:212  debug_display_settings           [   0.18293] color: 16 (rgba 5650), depth: 0, stencil: 0, acc: 0000, samples: 6/1
display  D   display_settings.c:527  _al_score_display_settings       [   0.18297] Score is : 586
display  D   display_settings.c:212  debug_display_settings           [   0.18301] color: 16 (rgba 5650), depth: 0, stencil: 0, acc: 0000, samples: 7/1
display  D   display_settings.c:527  _al_score_display_settings       [   0.18305] Score is : 585
display  D   display_settings.c:212  debug_display_settings           [   0.18309] color: 16 (rgba 5650), depth: 0, stencil: 0, acc: 0000, samples: 8/1
display  D   display_settings.c:527  _al_score_display_settings       [   0.18313] Score is : 584
display  D   display_settings.c:212  debug_display_settings           [   0.18317] color: 16 (rgba 5650), depth: 24, stencil: 8, acc: 0000, samples: 0/0
display  D   display_settings.c:527  _al_score_display_settings       [   0.18321] Score is : 769
display  D   display_settings.c:212  debug_display_settings           [   0.18325] color: 16 (rgba 5650), depth: 24, stencil: 8, acc: 0000, samples: 0/0
display  D   display_settings.c:527  _al_score_display_settings       [   0.18329] Score is : 769
display  D   display_settings.c:212  debug_display_settings           [   0.18333] color: 16 (rgba 5650), depth: 24, stencil: 8, acc: 0000, samples: 2/1
display  D   display_settings.c:527  _al_score_display_settings       [   0.18337] Score is : 598
display  D   display_settings.c:212  debug_display_settings           [   0.18341] color: 16 (rgba 5650), depth: 24, stencil: 8, acc: 0000, samples: 3/1
display  D   display_settings.c:527  _al_score_display_settings       [   0.18345] Score is : 593
display  D   display_settings.c:212  debug_display_settings           [   0.18349] color: 16 (rgba 5650), depth: 24, stencil: 8, acc: 0000, samples: 4/1
display  D   display_settings.c:527  _al_score_display_settings       [   0.18353] Score is : 589
display  D   display_settings.c:212  debug_display_settings           [   0.18357] color: 16 (rgba 5650), depth: 24, stencil: 8, acc: 0000, samples: 5/1
display  D   display_settings.c:527  _al_score_display_settings       [   0.18362] Score is : 587
display  D   display_settings.c:212  debug_display_settings           [   0.18365] color: 16 (rgba 5650), depth: 24, stencil: 8, acc: 0000, samples: 6/1
display  D   display_settings.c:527  _al_score_display_settings       [   0.18370] Score is : 586
display  D   display_settings.c:212  debug_display_settings           [   0.18374] color: 16 (rgba 5650), depth: 24, stencil: 8, acc: 0000, samples: 7/1
display  D   display_settings.c:527  _al_score_display_settings       [   0.18378] Score is : 585
display  D   display_settings.c:212  debug_display_settings           [   0.18382] color: 16 (rgba 5650), depth: 24, stencil: 8, acc: 0000, samples: 8/1
display  D   display_settings.c:527  _al_score_display_settings       [   0.18386] Score is : 584
display  D   display_settings.c:212  debug_display_settings           [   0.18390] color: 16 (rgba 5650), depth: 24, stencil: 0, acc: 0000, samples: 0/0
display  D   display_settings.c:527  _al_score_display_settings       [   0.18394] Score is : 769
display  D   display_settings.c:212  debug_display_settings           [   0.18398] color: 16 (rgba 5650), depth: 24, stencil: 0, acc: 0000, samples: 0/0
display  D   display_settings.c:527  _al_score_display_settings       [   0.18402] Score is : 769
display  D   display_settings.c:212  debug_display_settings           [   0.18406] color: 16 (rgba 5650), depth: 24, stencil: 0, acc: 0000, samples: 2/1
display  D   display_settings.c:527  _al_score_display_settings       [   0.18410] Score is : 598
display  D   display_settings.c:212  debug_display_settings           [   0.18414] color: 16 (rgba 5650), depth: 24, stencil: 0, acc: 0000, samples: 3/1
display  D   display_settings.c:527  _al_score_display_settings       [   0.18418] Score is : 593
display  D   display_settings.c:212  debug_display_settings           [   0.18422] color: 16 (rgba 5650), depth: 24, stencil: 0, acc: 0000, samples: 4/1
display  D   display_settings.c:527  _al_score_display_settings       [   0.18427] Score is : 589
display  D   display_settings.c:212  debug_display_settings           [   0.18431] color: 16 (rgba 5650), depth: 24, stencil: 0, acc: 0000, samples: 5/1
display  D   display_settings.c:527  _al_score_display_settings       [   0.18435] Score is : 587
display  D   display_settings.c:212  debug_display_settings           [   0.18441] color: 16 (rgba 5650), depth: 24, stencil: 0, acc: 0000, samples: 6/1
display  D   display_settings.c:527  _al_score_display_settings       [   0.18447] Score is : 586
display  D   display_settings.c:212  debug_display_settings           [   0.18451] color: 16 (rgba 5650), depth: 24, stencil: 0, acc: 0000, samples: 7/1
display  D   display_settings.c:527  _al_score_display_settings       [   0.18455] Score is : 585
display  D   display_settings.c:212  debug_display_settings           [   0.18459] color: 16 (rgba 5650), depth: 24, stencil: 0, acc: 0000, samples: 8/1
display  D   display_settings.c:527  _al_score_display_settings       [   0.18463] Score is : 584
display  D   display_settings.c:212  debug_display_settings           [   0.18467] color: 16 (rgba 5650), depth: 16, stencil: 0, acc: 0000, samples: 0/0
display  D   display_settings.c:527  _al_score_display_settings       [   0.18471] Score is : 769
display  D   display_settings.c:212  debug_display_settings           [   0.18475] color: 16 (rgba 5650), depth: 16, stencil: 0, acc: 0000, samples: 0/0
display  D   display_settings.c:527  _al_score_display_settings       [   0.18479] Score is : 769
display  D   display_settings.c:212  debug_display_settings           [   0.18483] color: 16 (rgba 5650), depth: 16, stencil: 0, acc: 0000, samples: 2/1
display  D   display_settings.c:527  _al_score_display_settings       [   0.18487] Score is : 598
display  D   display_settings.c:212  debug_display_settings           [   0.18491] color: 16 (rgba 5650), depth: 16, stencil: 0, acc: 0000, samples: 3/1
display  D   display_settings.c:527  _al_score_display_settings       [   0.18495] Score is : 593
display  D   display_settings.c:212  debug_display_settings           [   0.18499] color: 16 (rgba 5650), depth: 16, stencil: 0, acc: 0000, samples: 4/1
display  D   display_settings.c:527  _al_score_display_settings       [   0.18503] Score is : 589
display  D   display_settings.c:212  debug_display_settings           [   0.18507] color: 16 (rgba 5650), depth: 16, stencil: 0, acc: 0000, samples: 5/1
display  D   display_settings.c:527  _al_score_display_settings       [   0.18511] Score is : 587
display  D   display_settings.c:212  debug_display_settings           [   0.18515] color: 16 (rgba 5650), depth: 16, stencil: 0, acc: 0000, samples: 6/1
display  D   display_settings.c:527  _al_score_display_settings       [   0.18519] Score is : 586
display  D   display_settings.c:212  debug_display_settings           [   0.18523] color: 16 (rgba 5650), depth: 16, stencil: 0, acc: 0000, samples: 7/1
display  D   display_settings.c:527  _al_score_display_settings       [   0.18528] Score is : 585
display  D   display_settings.c:212  debug_display_settings           [   0.18532] color: 16 (rgba 5650), depth: 16, stencil: 0, acc: 0000, samples: 8/1
display  D   display_settings.c:527  _al_score_display_settings       [   0.18536] Score is : 584
display  D   display_settings.c:212  debug_display_settings           [   0.18540] color: 32 (rgba 8880), depth: 0, stencil: 0, acc: 0000, samples: 0/0
display  D   display_settings.c:398  _al_score_display_settings       [   0.18544] Single Buffer requirement not met.
display  D   display_settings.c:212  debug_display_settings           [   0.18548] color: 32 (rgba 8880), depth: 0, stencil: 0, acc: 0000, samples: 0/0
display  D   display_settings.c:398  _al_score_display_settings       [   0.18552] Single Buffer requirement not met.
display  D   display_settings.c:212  debug_display_settings           [   0.18556] color: 32 (rgba 8880), depth: 0, stencil: 0, acc: 0000, samples: 2/1
display  D   display_settings.c:398  _al_score_display_settings       [   0.18560] Single Buffer requirement not met.
display  D   display_settings.c:212  debug_display_settings           [   0.18564] color: 32 (rgba 8880), depth: 0, stencil: 0, acc: 0000, samples: 3/1
display  D   display_settings.c:398  _al_score_display_settings       [   0.18568] Single Buffer requirement not met.
display  D   display_settings.c:212  debug_display_settings           [   0.18572] color: 32 (rgba 8880), depth: 0, stencil: 0, acc: 0000, samples: 4/1
display  D   display_settings.c:398  _al_score_display_settings       [   0.18576] Single Buffer requirement not met.
display  D   display_settings.c:212  debug_display_settings           [   0.18580] color: 32 (rgba 8880), depth: 0, stencil: 0, acc: 0000, samples: 5/1
display  D   display_settings.c:398  _al_score_display_settings       [   0.18584] Single Buffer requirement not met.
display  D   display_settings.c:212  debug_display_settings           [   0.18588] color: 32 (rgba 8880), depth: 0, stencil: 0, acc: 0000, samples: 6/1
display  D   display_settings.c:398  _al_score_display_settings       [   0.18592] Single Buffer requirement not met.
display  D   display_settings.c:212  debug_display_settings           [   0.18596] color: 32 (rgba 8880), depth: 0, stencil: 0, acc: 0000, samples: 7/1
display  D   display_settings.c:398  _al_score_display_settings       [   0.18600] Single Buffer requirement not met.
display  D   display_settings.c:212  debug_display_settings           [   0.18604] color: 32 (rgba 8880), depth: 0, stencil: 0, acc: 0000, samples: 8/1
display  D   display_settings.c:398  _al_score_display_settings       [   0.18609] Single Buffer requirement not met.
display  D   display_settings.c:212  debug_display_settings           [   0.18612] color: 32 (rgba 8880), depth: 24, stencil: 8, acc: 0000, samples: 0/0
display  D   display_settings.c:398  _al_score_display_settings       [   0.18617] Single Buffer requirement not met.
display  D   display_settings.c:212  debug_display_settings           [   0.18620] color: 32 (rgba 8880), depth: 24, stencil: 8, acc: 0000, samples: 0/0
display  D   display_settings.c:398  _al_score_display_settings       [   0.18625] Single Buffer requirement not met.
display  D   display_settings.c:212  debug_display_settings           [   0.18629] color: 32 (rgba 8880), depth: 24, stencil: 8, acc: 0000, samples: 2/1
display  D   display_settings.c:398  _al_score_display_settings       [   0.18633] Single Buffer requirement not met.
display  D   display_settings.c:212  debug_display_settings           [   0.18637] color: 32 (rgba 8880), depth: 24, stencil: 8, acc: 0000, samples: 3/1
display  D   display_settings.c:398  _al_score_display_settings       [   0.18641] Single Buffer requirement not met.
display  D   display_settings.c:212  debug_display_settings           [   0.18645] color: 32 (rgba 8880), depth: 24, stencil: 8, acc: 0000, samples: 4/1
display  D   display_settings.c:398  _al_score_display_settings       [   0.18649] Single Buffer requirement not met.
display  D   display_settings.c:212  debug_display_settings           [   0.18653] color: 32 (rgba 8880), depth: 24, stencil: 8, acc: 0000, samples: 5/1
display  D   display_settings.c:398  _al_score_display_settings       [   0.18658] Single Buffer requirement not met.
display  D   display_settings.c:212  debug_display_settings           [   0.18662] color: 32 (rgba 8880), depth: 24, stencil: 8, acc: 0000, samples: 6/1
display  D   display_settings.c:398  _al_score_display_settings       [   0.18666] Single Buffer requirement not met.
display  D   display_settings.c:212  debug_display_settings           [   0.18670] color: 32 (rgba 8880), depth: 24, stencil: 8, acc: 0000, samples: 7/1
display  D   display_settings.c:398  _al_score_display_settings       [   0.18674] Single Buffer requirement not met.
display  D   display_settings.c:212  debug_display_settings           [   0.18678] color: 32 (rgba 8880), depth: 24, stencil: 8, acc: 0000, samples: 8/1
display  D   display_settings.c:398  _al_score_display_settings       [   0.18682] Single Buffer requirement not met.
display  D   display_settings.c:212  debug_display_settings           [   0.18686] color: 32 (rgba 8880), depth: 24, stencil: 0, acc: 0000, samples: 0/0
display  D   display_settings.c:398  _al_score_display_settings       [   0.18690] Single Buffer requirement not met.
display  D   display_settings.c:212  debug_display_settings           [   0.18694] color: 32 (rgba 8880), depth: 24, stencil: 0, acc: 0000, samples: 0/0
display  D   display_settings.c:398  _al_score_display_settings       [   0.18698] Single Buffer requirement not met.
display  D   display_settings.c:212  debug_display_settings           [   0.18702] color: 32 (rgba 8880), depth: 24, stencil: 0, acc: 0000, samples: 2/1
display  D   display_settings.c:398  _al_score_display_settings       [   0.18706] Single Buffer requirement not met.
display  D   display_settings.c:212  debug_display_settings           [   0.18710] color: 32 (rgba 8880), depth: 24, stencil: 0, acc: 0000, samples: 3/1
display  D   display_settings.c:398  _al_score_display_settings       [   0.18714] Single Buffer requirement not met.
display  D   display_settings.c:212  debug_display_settings           [   0.18718] color: 32 (rgba 8880), depth: 24, stencil: 0, acc: 0000, samples: 4/1
display  D   display_settings.c:398  _al_score_display_settings       [   0.18722] Single Buffer requirement not met.
display  D   display_settings.c:212  debug_display_settings           [   0.18726] color: 32 (rgba 8880), depth: 24, stencil: 0, acc: 0000, samples: 5/1
display  D   display_settings.c:398  _al_score_display_settings       [   0.18730] Single Buffer requirement not met.
display  D   display_settings.c:212  debug_display_settings           [   0.18734] color: 32 (rgba 8880), depth: 24, stencil: 0, acc: 0000, samples: 6/1
display  D   display_settings.c:398  _al_score_display_settings       [   0.18738] Single Buffer requirement not met.
display  D   display_settings.c:212  debug_display_settings           [   0.18742] color: 32 (rgba 8880), depth: 24, stencil: 0, acc: 0000, samples: 7/1
display  D   display_settings.c:398  _al_score_display_settings       [   0.18746] Single Buffer requirement not met.
display  D   display_settings.c:212  debug_display_settings           [   0.18750] color: 32 (rgba 8880), depth: 24, stencil: 0, acc: 0000, samples: 8/1
display  D   display_settings.c:398  _al_score_display_settings       [   0.18754] Single Buffer requirement not met.
display  D   display_settings.c:212  debug_display_settings           [   0.18758] color: 32 (rgba 8880), depth: 16, stencil: 0, acc: 0000, samples: 0/0
display  D   display_settings.c:398  _al_score_display_settings       [   0.18762] Single Buffer requirement not met.
display  D   display_settings.c:212  debug_display_settings           [   0.18766] color: 32 (rgba 8880), depth: 16, stencil: 0, acc: 0000, samples: 0/0
display  D   display_settings.c:398  _al_score_display_settings       [   0.18770] Single Buffer requirement not met.
display  D   display_settings.c:212  debug_display_settings           [   0.18775] color: 32 (rgba 8880), depth: 16, stencil: 0, acc: 0000, samples: 2/1
display  D   display_settings.c:398  _al_score_display_settings       [   0.18779] Single Buffer requirement not met.
display  D   display_settings.c:212  debug_display_settings           [   0.18783] color: 32 (rgba 8880), depth: 16, stencil: 0, acc: 0000, samples: 3/1
display  D   display_settings.c:398  _al_score_display_settings       [   0.18787] Single Buffer requirement not met.
display  D   display_settings.c:212  debug_display_settings           [   0.18791] color: 32 (rgba 8880), depth: 16, stencil: 0, acc: 0000, samples: 4/1
display  D   display_settings.c:398  _al_score_display_settings       [   0.18795] Single Buffer requirement not met.
display  D   display_settings.c:212  debug_display_settings           [   0.18799] color: 32 (rgba 8880), depth: 16, stencil: 0, acc: 0000, samples: 5/1
display  D   display_settings.c:398  _al_score_display_settings       [   0.18803] Single Buffer requirement not met.
display  D   display_settings.c:212  debug_display_settings           [   0.18807] color: 32 (rgba 8880), depth: 16, stencil: 0, acc: 0000, samples: 6/1
display  D   display_settings.c:398  _al_score_display_settings       [   0.18811] Single Buffer requirement not met.
display  D   display_settings.c:212  debug_display_settings           [   0.18815] color: 32 (rgba 8880), depth: 16, stencil: 0, acc: 0000, samples: 7/1
display  D   display_settings.c:398  _al_score_display_settings       [   0.18820] Single Buffer requirement not met.
display  D   display_settings.c:212  debug_display_settings           [   0.18823] color: 32 (rgba 8880), depth: 16, stencil: 0, acc: 0000, samples: 8/1
display  D   display_settings.c:398  _al_score_display_settings       [   0.18828] Single Buffer requirement not met.
display  D   display_settings.c:212  debug_display_settings           [   0.18832] color: 16 (rgba 5650), depth: 0, stencil: 0, acc: 0000, samples: 0/0
display  D   display_settings.c:398  _al_score_display_settings       [   0.18836] Single Buffer requirement not met.
display  D   display_settings.c:212  debug_display_settings           [   0.18840] color: 16 (rgba 5650), depth: 0, stencil: 0, acc: 0000, samples: 0/0
display  D   display_settings.c:398  _al_score_display_settings       [   0.18844] Single Buffer requirement not met.
display  D   display_settings.c:212  debug_display_settings           [   0.18848] color: 16 (rgba 5650), depth: 0, stencil: 0, acc: 0000, samples: 2/1
display  D   display_settings.c:398  _al_score_display_settings       [   0.18852] Single Buffer requirement not met.
display  D   display_settings.c:212  debug_display_settings           [   0.18856] color: 16 (rgba 5650), depth: 0, stencil: 0, acc: 0000, samples: 3/1
display  D   display_settings.c:398  _al_score_display_settings       [   0.18860] Single Buffer requirement not met.
display  D   display_settings.c:212  debug_display_settings           [   0.18864] color: 16 (rgba 5650), depth: 0, stencil: 0, acc: 0000, samples: 4/1
display  D   display_settings.c:398  _al_score_display_settings       [   0.18868] Single Buffer requirement not met.
display  D   display_settings.c:212  debug_display_settings           [   0.18872] color: 16 (rgba 5650), depth: 0, stencil: 0, acc: 0000, samples: 5/1
display  D   display_settings.c:398  _al_score_display_settings       [   0.18876] Single Buffer requirement not met.
display  D   display_settings.c:212  debug_display_settings           [   0.18880] color: 16 (rgba 5650), depth: 0, stencil: 0, acc: 0000, samples: 6/1
display  D   display_settings.c:398  _al_score_display_settings       [   0.18884] Single Buffer requirement not met.
display  D   display_settings.c:212  debug_display_settings           [   0.18888] color: 16 (rgba 5650), depth: 0, stencil: 0, acc: 0000, samples: 7/1
display  D   display_settings.c:398  _al_score_display_settings       [   0.18893] Single Buffer requirement not met.
display  D   display_settings.c:212  debug_display_settings           [   0.18897] color: 16 (rgba 5650), depth: 0, stencil: 0, acc: 0000, samples: 8/1
display  D   display_settings.c:398  _al_score_display_settings       [   0.18901] Single Buffer requirement not met.
display  D   display_settings.c:212  debug_display_settings           [   0.18905] color: 16 (rgba 5650), depth: 24, stencil: 8, acc: 0000, samples: 0/0
display  D   display_settings.c:398  _al_score_display_settings       [   0.18910] Single Buffer requirement not met.
display  D   display_settings.c:212  debug_display_settings           [   0.18914] color: 16 (rgba 5650), depth: 24, stencil: 8, acc: 0000, samples: 0/0
display  D   display_settings.c:398  _al_score_display_settings       [   0.18918] Single Buffer requirement not met.
display  D   display_settings.c:212  debug_display_settings           [   0.18922] color: 16 (rgba 5650), depth: 24, stencil: 8, acc: 0000, samples: 2/1
display  D   display_settings.c:398  _al_score_display_settings       [   0.18926] Single Buffer requirement not met.
display  D   display_settings.c:212  debug_display_settings           [   0.18930] color: 16 (rgba 5650), depth: 24, stencil: 8, acc: 0000, samples: 3/1
display  D   display_settings.c:398  _al_score_display_settings       [   0.18934] Single Buffer requirement not met.
display  D   display_settings.c:212  debug_display_settings           [   0.18938] color: 16 (rgba 5650), depth: 24, stencil: 8, acc: 0000, samples: 4/1
display  D   display_settings.c:398  _al_score_display_settings       [   0.18942] Single Buffer requirement not met.
display  D   display_settings.c:212  debug_display_settings           [   0.18946] color: 16 (rgba 5650), depth: 24, stencil: 8, acc: 0000, samples: 5/1
display  D   display_settings.c:398  _al_score_display_settings       [   0.18950] Single Buffer requirement not met.
display  D   display_settings.c:212  debug_display_settings           [   0.18954] color: 16 (rgba 5650), depth: 24, stencil: 8, acc: 0000, samples: 6/1
display  D   display_settings.c:398  _al_score_display_settings       [   0.18958] Single Buffer requirement not met.
display  D   display_settings.c:212  debug_display_settings           [   0.18962] color: 16 (rgba 5650), depth: 24, stencil: 8, acc: 0000, samples: 7/1
display  D   display_settings.c:398  _al_score_display_settings       [   0.18967] Single Buffer requirement not met.
display  D   display_settings.c:212  debug_display_settings           [   0.18971] color: 16 (rgba 5650), depth: 24, stencil: 8, acc: 0000, samples: 8/1
display  D   display_settings.c:398  _al_score_display_settings       [   0.18975] Single Buffer requirement not met.
display  D   display_settings.c:212  debug_display_settings           [   0.18979] color: 16 (rgba 5650), depth: 24, stencil: 0, acc: 0000, samples: 0/0
display  D   display_settings.c:398  _al_score_display_settings       [   0.18983] Single Buffer requirement not met.
display  D   display_settings.c:212  debug_display_settings           [   0.18987] color: 16 (rgba 5650), depth: 24, stencil: 0, acc: 0000, samples: 0/0
display  D   display_settings.c:398  _al_score_display_settings       [   0.18991] Single Buffer requirement not met.
display  D   display_settings.c:212  debug_display_settings           [   0.18995] color: 16 (rgba 5650), depth: 24, stencil: 0, acc: 0000, samples: 2/1
display  D   display_settings.c:398  _al_score_display_settings       [   0.18999] Single Buffer requirement not met.
display  D   display_settings.c:212  debug_display_settings           [   0.19003] color: 16 (rgba 5650), depth: 24, stencil: 0, acc: 0000, samples: 3/1
display  D   display_settings.c:398  _al_score_display_settings       [   0.19007] Single Buffer requirement not met.
display  D   display_settings.c:212  debug_display_settings           [   0.19011] color: 16 (rgba 5650), depth: 24, stencil: 0, acc: 0000, samples: 4/1
display  D   display_settings.c:398  _al_score_display_settings       [   0.19015] Single Buffer requirement not met.
display  D   display_settings.c:212  debug_display_settings           [   0.19020] color: 16 (rgba 5650), depth: 24, stencil: 0, acc: 0000, samples: 5/1
display  D   display_settings.c:398  _al_score_display_settings       [   0.19024] Single Buffer requirement not met.
display  D   display_settings.c:212  debug_display_settings           [   0.19028] color: 16 (rgba 5650), depth: 24, stencil: 0, acc: 0000, samples: 6/1
display  D   display_settings.c:398  _al_score_display_settings       [   0.19032] Single Buffer requirement not met.
display  D   display_settings.c:212  debug_display_settings           [   0.19036] color: 16 (rgba 5650), depth: 24, stencil: 0, acc: 0000, samples: 7/1
display  D   display_settings.c:398  _al_score_display_settings       [   0.19040] Single Buffer requirement not met.
display  D   display_settings.c:212  debug_display_settings           [   0.19044] color: 16 (rgba 5650), depth: 24, stencil: 0, acc: 0000, samples: 8/1
display  D   display_settings.c:398  _al_score_display_settings       [   0.19048] Single Buffer requirement not met.
display  D   display_settings.c:212  debug_display_settings           [   0.19052] color: 16 (rgba 5650), depth: 16, stencil: 0, acc: 0000, samples: 0/0
display  D   display_settings.c:398  _al_score_display_settings       [   0.19056] Single Buffer requirement not met.
display  D   display_settings.c:212  debug_display_settings           [   0.19060] color: 16 (rgba 5650), depth: 16, stencil: 0, acc: 0000, samples: 0/0
display  D   display_settings.c:398  _al_score_display_settings       [   0.19064] Single Buffer requirement not met.
display  D   display_settings.c:212  debug_display_settings           [   0.19068] color: 16 (rgba 5650), depth: 16, stencil: 0, acc: 0000, samples: 2/1
display  D   display_settings.c:398  _al_score_display_settings       [   0.19073] Single Buffer requirement not met.
display  D   display_settings.c:212  debug_display_settings           [   0.19077] color: 16 (rgba 5650), depth: 16, stencil: 0, acc: 0000, samples: 3/1
display  D   display_settings.c:398  _al_score_display_settings       [   0.19081] Single Buffer requirement not met.
display  D   display_settings.c:212  debug_display_settings           [   0.19085] color: 16 (rgba 5650), depth: 16, stencil: 0, acc: 0000, samples: 4/1
display  D   display_settings.c:398  _al_score_display_settings       [   0.19089] Single Buffer requirement not met.
display  D   display_settings.c:212  debug_display_settings           [   0.19093] color: 16 (rgba 5650), depth: 16, stencil: 0, acc: 0000, samples: 5/1
display  D   display_settings.c:398  _al_score_display_settings       [   0.19097] Single Buffer requirement not met.
display  D   display_settings.c:212  debug_display_settings           [   0.19101] color: 16 (rgba 5650), depth: 16, stencil: 0, acc: 0000, samples: 6/1
display  D   display_settings.c:398  _al_score_display_settings       [   0.19105] Single Buffer requirement not met.
display  D   display_settings.c:212  debug_display_settings           [   0.19109] color: 16 (rgba 5650), depth: 16, stencil: 0, acc: 0000, samples: 7/1
display  D   display_settings.c:398  _al_score_display_settings       [   0.19113] Single Buffer requirement not met.
display  D   display_settings.c:212  debug_display_settings           [   0.19117] color: 16 (rgba 5650), depth: 16, stencil: 0, acc: 0000, samples: 8/1
display  D   display_settings.c:398  _al_score_display_settings       [   0.19121] Single Buffer requirement not met.
d3d      D         d3d_disp.cpp:1682 d3d_create_display_internals     [   0.19131] Trying format 0.
d3d      I         d3d_disp.cpp:1358 d3d_display_thread_proc          [   0.19190] Chose a display format: 23
d3d      I         d3d_disp.cpp:1427 d3d_display_thread_proc          [   0.19199] Normal window.
d3d      I         d3d_disp.cpp:791  d3d_create_device                [   0.25602] Using no depth stencil buffer
d3d      D         d3d_disp.cpp:853  d3d_create_device                [   0.31336] BeginScene succeeded in create_device
d3d      D         d3d_disp.cpp:861  d3d_create_device                [   0.31357] Success
d3d      D         d3d_disp.cpp:1705 d3d_create_display_internals     [   0.31370] Resumed after wait.
d3d      I         d3d_disp.cpp:1738 d3d_create_display_internals     [   0.31383] Format 0 succeeded.
d3d      D         d3d_disp.cpp:1769 d3d_create_display_internals     [   0.31393] Returning d3d_display: 00000000026afa60
d3d      D         d3d_disp.cpp:1794 d3d_create_display_locked        [   0.31400] al_display=00000000026afa60
d3d      D         d3d_disp.cpp:1795 d3d_create_display_locked        [   0.31407] al_display->vt=00000000026af8f0
system   D            wsystem.c:874  _al_win_safe_load_library        [   0.31507] PathFindOnPath found: C:\WINDOWS\system32\d3dx9_43.dll
system   D            wsystem.c:780  load_library_at_path             [   0.31523] Calling LoadLibrary C:\WINDOWS\system32\d3dx9_43.dll
system   I            wsystem.c:783  load_library_at_path             [   0.31665] Loaded C:\WINDOWS\system32\d3dx9_43.dll
d3dx9    I        d3d_d3dx9.cpp:88   _imp_load_d3dx9_module_version   [   0.31686] Module "d3dx9_43.dll" loaded.
dtor     D               dtor.c:196  _al_register_destructor          [   0.32287] added dtor for timer 00000000026c7160, func 00007ffc9665fb3b
dtor     D               dtor.c:196  _al_register_destructor          [   0.32302] added dtor for queue 00000000026c7210, func 00007ffc9664c5dc
stdio    D         file_stdio.c:110  file_stdio_fopen                 [   0.32313] opening ./img/pacman-icon.png rb
stdio    D         file_stdio.c:110  file_stdio_fopen                 [   0.32339] opening ./img/pacman-icon.png rb
image    E                png.c:415  _al_load_png                     [   0.32361] Unable to open ./img/pacman-icon.png for reading.
bitmap   E          bitmap_io.c:209  al_load_bitmap_flags             [   0.32371] Failed loading bitmap ./img/pacman-icon.png with .png handler.
d3d      I         d3d_disp.cpp:915  d3d_destroy_display              [   5.23778] destroying display 00000000026afa60 (current 0000000000000000)
d3d      D         d3d_disp.cpp:899  d3d_destroy_display_internals    [   5.24220] waiting for display 00000000026afa60's thread to end
d3d      W         d3d_disp.cpp:608  d3d_destroy_device               [   5.28733] d3d_destroy_device: ref count not 0
d3d      I         d3d_disp.cpp:1562 d3d_display_thread_proc          [   5.30645] d3d display thread exits
dtor     D               dtor.c:116  _al_run_destructors              [   5.30780] calling dtor for queue 00000000026c7210, func 00007ffc9664c5dc
dtor     D               dtor.c:227  _al_unregister_destructor        [   5.30797] removed dtor for queue 00000000026c7210
dtor     D               dtor.c:116  _al_run_destructors              [   5.30806] calling dtor for timer 00000000026c7160, func 00007ffc9665fb3b
dtor     D               dtor.c:227  _al_unregister_destructor        [   5.30814] removed dtor for timer 00000000026c7160
dtor     D               dtor.c:227  _al_unregister_destructor        [   5.30835] removed dtor for sample_instance 0000000000e49550
dtor     D               dtor.c:227  _al_unregister_destructor        [   5.30844] removed dtor for sample_instance 0000000000e49260
dtor     D               dtor.c:227  _al_unregister_destructor        [   5.30851] removed dtor for sample_instance 0000000000e49380
dtor     D               dtor.c:227  _al_unregister_destructor        [   5.30859] removed dtor for sample_instance 000000000269efe0
dtor     D               dtor.c:227  _al_unregister_destructor        [   5.30867] removed dtor for sample_instance 00000000026a0110
dtor     D               dtor.c:227  _al_unregister_destructor        [   5.30874] removed dtor for sample_instance 00000000026a0230
dtor     D               dtor.c:227  _al_unregister_destructor        [   5.30881] removed dtor for mixer 0000000000e48fc0
audio-dsound D           dsound.cpp:528  _dsound_stop_voice               [   5.30888] Stopping voice
audio-dsound D           dsound.cpp:545  _dsound_stop_voice               [   5.30896] Joining thread
audio-dsound D           dsound.cpp:551  _dsound_stop_voice               [   5.31135] Joined thread
audio-dsound D           dsound.cpp:553  _dsound_stop_voice               [   5.31151] Destroying thread
audio-dsound D           dsound.cpp:555  _dsound_stop_voice               [   5.31161] Thread destroyed
audio-dsound D           dsound.cpp:562  _dsound_stop_voice               [   5.31166] Releasing buffer
audio-dsound I           dsound.cpp:566  _dsound_stop_voice               [   5.31171] Voice stopped
dtor     D               dtor.c:227  _al_unregister_destructor        [   5.31184] removed dtor for voice 0000000000e48e20
audio-dsound D           dsound.cpp:380  _dsound_deallocate_voice         [   5.31193] Deallocating voice
audio-dsound D           dsound.cpp:385  _dsound_deallocate_voice         [   5.31201] Deallocated voice
audio-dsound D           dsound.cpp:296  _dsound_close                    [   5.31212] Releasing device
audio-dsound D           dsound.cpp:298  _dsound_close                    [   5.32161] Released device
audio-dsound I           dsound.cpp:299  _dsound_close                    [   5.32174] DirectSound closed
